[debug] [2025-07-11T15:53:01.055Z] ----------------------------------------------------------------------
[debug] [2025-07-11T15:53:01.058Z] Command:       C:\Program Files\nodejs\node.exe C:\Users\Acer\AppData\Roaming\npm\node_modules\firebase-tools\lib\bin\firebase.js init
[debug] [2025-07-11T15:53:01.059Z] CLI Version:   14.10.1
[debug] [2025-07-11T15:53:01.059Z] Platform:      win32
[debug] [2025-07-11T15:53:01.059Z] Node Version:  v24.3.0
[debug] [2025-07-11T15:53:01.059Z] Time:          Fri Jul 11 2025 22:53:01 GMT+0700 (Western Indonesia Time)
[debug] [2025-07-11T15:53:01.059Z] ----------------------------------------------------------------------
[debug] 
[debug] [2025-07-11T15:53:01.065Z] > command requires scopes: ["email","openid","https://www.googleapis.com/auth/cloudplatformprojects.readonly","https://www.googleapis.com/auth/firebase","https://www.googleapis.com/auth/cloud-platform"]
[debug] [2025-07-11T15:53:01.065Z] > authorizing via signed-in user (rifkywardhana17@gmail.com)
[info] 
     ######## #### ########  ######## ########     ###     ######  ########
     ##        ##  ##     ## ##       ##     ##  ##   ##  ##       ##
     ######    ##  ########  ######   ########  #########  ######  ######
     ##        ##  ##    ##  ##       ##     ## ##     ##       ## ##
     ##       #### ##     ## ######## ########  ##     ##  ######  ########

You're about to initialize a Firebase project in this directory:

  D:\Tugas Kuliah Unesa\SEMESTER 4\Magang\Website 2\Website 1

[info] 
=== Project Setup
[info] 
[info] First, let's associate this project directory with a Firebase project.
[info] You can create multiple project aliases by running firebase use --add, 
[info] but for now we'll just set up a default project.
[info] 
[debug] [2025-07-11T15:53:34.758Z] Checked if tokens are valid: true, expires at: 1752252761018
[debug] [2025-07-11T15:53:34.759Z] Checked if tokens are valid: true, expires at: 1752252761018
[debug] [2025-07-11T15:53:34.760Z] >>> [apiv2][query] GET https://firebase.googleapis.com/v1beta1/projects pageSize=100
[debug] [2025-07-11T15:53:35.625Z] <<< [apiv2][status] GET https://firebase.googleapis.com/v1beta1/projects 200
[debug] [2025-07-11T15:53:35.625Z] <<< [apiv2][body] GET https://firebase.googleapis.com/v1beta1/projects [omitted]
[info] i  Using project project-test-rifky-wardhana (project-test-Rifky Wardhana) 
[info] 
=== Hosting Setup
[debug] [2025-07-11T15:53:40.238Z] Checked if tokens are valid: true, expires at: 1752252761018
[debug] [2025-07-11T15:53:40.238Z] Checked if tokens are valid: true, expires at: 1752252761018
[debug] [2025-07-11T15:53:40.238Z] >>> [apiv2][query] GET https://firebase.googleapis.com/v1beta1/projects/project-test-rifky-wardhana [none]
[debug] [2025-07-11T15:53:40.626Z] <<< [apiv2][status] GET https://firebase.googleapis.com/v1beta1/projects/project-test-rifky-wardhana 200
[debug] [2025-07-11T15:53:40.626Z] <<< [apiv2][body] GET https://firebase.googleapis.com/v1beta1/projects/project-test-rifky-wardhana {"projectId":"project-test-rifky-wardhana","projectNumber":"5705164288","displayName":"project-test-Rifky Wardhana","name":"projects/project-test-rifky-wardhana","resources":{"hostingSite":"project-test-rifky-wardhana"},"state":"ACTIVE","etag":"1_de31e54c-0499-4fad-b1fd-6eb8ccd2f525"}
[info] 
[info] Your public directory is the folder (relative to your project directory) that
[info] will contain Hosting assets to be uploaded with firebase deploy. If you
[info] have a build process for your assets, use your build's output directory.
[info] 
[debug] [2025-07-11T15:54:14.649Z] >>> [apiv2][query] GET https://www.gstatic.com/firebasejs/releases.json [none]
[debug] [2025-07-11T15:54:15.053Z] <<< [apiv2][status] GET https://www.gstatic.com/firebasejs/releases.json 200
[debug] [2025-07-11T15:54:15.053Z] <<< [apiv2][body] GET https://www.gstatic.com/firebasejs/releases.json {"current":{"version":"11.10.0","browserURL":"https://www.gstatic.com/firebasejs/11.10.0/firebase.js","packageURL":"https://www.gstatic.com/firebasejs/11.10.0/firebase.tgz"},"live":{"version":"11.10","browserURL":"https://www.gstatic.com/firebasejs/live/11.10/firebase.js","packageURL":"https://www.gstatic.com/firebasejs/live/11.10/firebase.tgz"},"components":{"ai":"https://www.gstatic.com/firebasejs/11.10.0/firebase-ai.js","analytics":"https://www.gstatic.com/firebasejs/11.10.0/firebase-analytics.js","app":"https://www.gstatic.com/firebasejs/11.10.0/firebase-app.js","app-check":"https://www.gstatic.com/firebasejs/11.10.0/firebase-app-check.js","auth":"https://www.gstatic.com/firebasejs/11.10.0/firebase-auth.js","auth/cordova":"https://www.gstatic.com/firebasejs/11.10.0/firebase-auth/cordova.js","auth/web-extension":"https://www.gstatic.com/firebasejs/11.10.0/firebase-auth/web-extension.js","functions":"https://www.gstatic.com/firebasejs/11.10.0/firebase-functions.js","firestore":"https://www.gstatic.com/firebasejs/11.10.0/firebase-firestore.js","firestore/lite":"https://www.gstatic.com/firebasejs/11.10.0/firebase-firestore/lite.js","installations":"https://www.gstatic.com/firebasejs/11.10.0/firebase-installations.js","storage":"https://www.gstatic.com/firebasejs/11.10.0/firebase-storage.js","performance":"https://www.gstatic.com/firebasejs/11.10.0/firebase-performance.js","remote-config":"https://www.gstatic.com/firebasejs/11.10.0/firebase-remote-config.js","messaging":"https://www.gstatic.com/firebasejs/11.10.0/firebase-messaging.js","messaging/sw":"https://www.gstatic.com/firebasejs/11.10.0/firebase-messaging/sw.js","database":"https://www.gstatic.com/firebasejs/11.10.0/firebase-database.js","vertexai":"https://www.gstatic.com/firebasejs/11.10.0/firebase-vertexai.js","data-connect":"https://www.gstatic.com/firebasejs/11.10.0/firebase-data-connect.js","firestore.memory":"https://www.gstatic.com/firebasejs/11.10.0/firebase-firestore.memory.js"}}
[info] +  Wrote public/index.html 
[info] 
[info] i  Didn't detect a .git folder. Assuming D:\Tugas Kuliah Unesa\SEMESTER 4\Magang\Website 2\Website 1 is the project root. 
[info] i  Authorizing with GitHub to upload your service account to a GitHub repository's secrets store. 
[info] 
[info] Visit this URL on this device to log in:
[info] https://github.com/login/oauth/authorize?client_id=89cf50f02ac6aaed3484&state=22371499&redirect_uri=http%3A%2F%2Flocalhost%3A9005&scope=read%3Auser%20repo%20public_repo
[info] 
[info] Waiting for authentication...
[debug] [2025-07-11T15:54:15.868Z] >>> [apiv2][query] POST https://github.com/login/oauth/access_token [none]
[debug] [2025-07-11T15:54:15.868Z] >>> [apiv2][body] POST https://github.com/login/oauth/access_token [stream]
[debug] [2025-07-11T15:54:16.437Z] <<< [apiv2][status] POST https://github.com/login/oauth/access_token 200
[debug] [2025-07-11T15:54:16.437Z] <<< [apiv2][body] POST https://github.com/login/oauth/access_token {"access_token":"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","token_type":"bearer","scope":"read:user,repo"}
[debug] [2025-07-11T15:54:16.442Z] >>> [apiv2][query] GET https://api.github.com/user [none]
[debug] [2025-07-11T15:54:17.005Z] <<< [apiv2][status] GET https://api.github.com/user 200
[debug] [2025-07-11T15:54:17.006Z] <<< [apiv2][body] GET https://api.github.com/user {"login":"rifkywardhana21","id":152211890,"node_id":"U_kgDOCRKRsg","avatar_url":"https://avatars.githubusercontent.com/u/152211890?v=4","gravatar_id":"","url":"https://api.github.com/users/rifkywardhana21","html_url":"https://github.com/rifkywardhana21","followers_url":"https://api.github.com/users/rifkywardhana21/followers","following_url":"https://api.github.com/users/rifkywardhana21/following{/other_user}","gists_url":"https://api.github.com/users/rifkywardhana21/gists{/gist_id}","starred_url":"https://api.github.com/users/rifkywardhana21/starred{/owner}{/repo}","subscriptions_url":"https://api.github.com/users/rifkywardhana21/subscriptions","organizations_url":"https://api.github.com/users/rifkywardhana21/orgs","repos_url":"https://api.github.com/users/rifkywardhana21/repos","events_url":"https://api.github.com/users/rifkywardhana21/events{/privacy}","received_events_url":"https://api.github.com/users/rifkywardhana21/received_events","type":"User","user_view_type":"private","site_admin":false,"name":"Muhammad Rifky Wardhana","company":null,"blog":"","location":null,"email":null,"hireable":null,"bio":null,"twitter_username":null,"notification_email":null,"public_repos":5,"public_gists":0,"followers":0,"following":0,"created_at":"2023-11-27T18:27:06Z","updated_at":"2025-07-02T16:48:05Z","private_gists":0,"total_private_repos":1,"owned_private_repos":1,"disk_usage":25045,"collaborators":0,"two_factor_authentication":false,"plan":{"name":"free","space":976562499,"collaborators":0,"private_repos":10000}}
[info] 
[info] +  Success! Logged into GitHub as rifkywardhana21 
[info] 
[debug] [2025-07-11T16:19:56.283Z] >>> [apiv2][query] GET https://api.github.com/repos/rifkywardhana21/actions/secrets/public-key type=owner
[debug] [2025-07-11T16:19:56.764Z] <<< [apiv2][status] GET https://api.github.com/repos/rifkywardhana21/actions/secrets/public-key 401
[debug] [2025-07-11T16:19:56.764Z] <<< [apiv2][body] GET https://api.github.com/repos/rifkywardhana21/actions/secrets/public-key {"message":"Bad credentials","documentation_url":"https://docs.github.com/rest","status":"401"}
[debug] [2025-07-11T16:20:35.866Z] >>> [apiv2][query] GET https://api.github.com/repos/rifkywardhana21/Project-Test1/actions/secrets/public-key type=owner
[debug] [2025-07-11T16:20:36.302Z] <<< [apiv2][status] GET https://api.github.com/repos/rifkywardhana21/Project-Test1/actions/secrets/public-key 401
[debug] [2025-07-11T16:20:36.302Z] <<< [apiv2][body] GET https://api.github.com/repos/rifkywardhana21/Project-Test1/actions/secrets/public-key {"message":"Bad credentials","documentation_url":"https://docs.github.com/rest","status":"401"}
[debug] [2025-07-11T16:21:05.256Z] >>> [apiv2][query] GET https://api.github.com/repos/rifkywardhana21 / Project-Test1/actions/secrets/public-key type=owner
[debug] [2025-07-11T16:21:05.677Z] <<< [apiv2][status] GET https://api.github.com/repos/rifkywardhana21 / Project-Test1/actions/secrets/public-key 401
[debug] [2025-07-11T16:21:05.678Z] <<< [apiv2][body] GET https://api.github.com/repos/rifkywardhana21 / Project-Test1/actions/secrets/public-key {"message":"Bad credentials","documentation_url":"https://docs.github.com/rest","status":"401"}
[debug] [2025-07-11T16:21:48.445Z] >>> [apiv2][query] GET https://api.github.com/repos/rifkywardhana21/Project-Test1/actions/secrets/public-key type=owner
[debug] [2025-07-11T16:21:48.942Z] <<< [apiv2][status] GET https://api.github.com/repos/rifkywardhana21/Project-Test1/actions/secrets/public-key 401
[debug] [2025-07-11T16:21:48.943Z] <<< [apiv2][body] GET https://api.github.com/repos/rifkywardhana21/Project-Test1/actions/secrets/public-key {"message":"Bad credentials","documentation_url":"https://docs.github.com/rest","status":"401"}
[debug] [2025-07-11T16:22:35.865Z] >>> [apiv2][query] GET https://api.github.com/repos/"rifkywardhana21/Project-Test1"/actions/secrets/public-key type=owner
[debug] [2025-07-11T16:22:36.329Z] <<< [apiv2][status] GET https://api.github.com/repos/"rifkywardhana21/Project-Test1"/actions/secrets/public-key 401
[debug] [2025-07-11T16:22:36.329Z] <<< [apiv2][body] GET https://api.github.com/repos/"rifkywardhana21/Project-Test1"/actions/secrets/public-key {"message":"Bad credentials","documentation_url":"https://docs.github.com/rest","status":"401"}
[debug] [2025-07-11T16:25:53.781Z] >>> [apiv2][query] GET https://api.github.com/repos/rifkywardhana21/Project-Test1/actions/secrets/public-key type=owner
[debug] [2025-07-11T16:25:54.440Z] <<< [apiv2][status] GET https://api.github.com/repos/rifkywardhana21/Project-Test1/actions/secrets/public-key 401
[debug] [2025-07-11T16:25:54.441Z] <<< [apiv2][body] GET https://api.github.com/repos/rifkywardhana21/Project-Test1/actions/secrets/public-key {"message":"Bad credentials","documentation_url":"https://docs.github.com/rest","status":"401"}
[debug] [2025-07-11T16:27:08.128Z] >>> [apiv2][query] GET https://api.github.com/repos/rifkywardhana21/Porject-Test1/actions/secrets/public-key type=owner
[debug] [2025-07-11T16:27:08.787Z] <<< [apiv2][status] GET https://api.github.com/repos/rifkywardhana21/Porject-Test1/actions/secrets/public-key 401
[debug] [2025-07-11T16:27:08.787Z] <<< [apiv2][body] GET https://api.github.com/repos/rifkywardhana21/Porject-Test1/actions/secrets/public-key {"message":"Bad credentials","documentation_url":"https://docs.github.com/rest","status":"401"}
